<?xml version='1.0' encoding='UTF-8'?>
<result plugin="junit@1.9">
  <suites>
    <suite>
      <file>C:\Users\irina.chegodaeva\.jenkins\jobs\addressbook_tests_bdd\workspace\report.xml</file>
      <name>pytest</name>
      <duration>12.918137</duration>
      <cases>
        <case>
          <duration>9.53281</duration>
          <className>group_scenarios</className>
          <testName>test_add_new_group[name1-header1-footer1]</testName>
          <skipped>false</skipped>
          <failedSince>0</failedSince>
        </case>
        <case>
          <duration>1.0280981</duration>
          <className>group_scenarios</className>
          <testName>test_add_new_group[name2-header2-footer2]</testName>
          <skipped>false</skipped>
          <failedSince>0</failedSince>
        </case>
        <case>
          <duration>2.357228</duration>
          <className>group_scenarios</className>
          <testName>test_delete_group</testName>
          <skipped>false</skipped>
          <failedSince>0</failedSince>
        </case>
      </cases>
    </suite>
  </suites>
  <duration>12.918137</duration>
  <keepLongStdio>false</keepLongStdio>
</result>